[04/26/2022 21:38:03] {train_reader.py:214} INFO - Start training
[04/26/2022 21:38:03] {train_reader.py:31} WARNING - Tensorboard is not available.
[04/26/2022 21:42:46] {train_reader.py:214} INFO - Start training
[04/26/2022 21:42:46] {train_reader.py:31} WARNING - Tensorboard is not available.
[04/26/2022 21:46:06] {train_reader.py:214} INFO - Start training
[04/26/2022 21:46:06] {train_reader.py:31} WARNING - Tensorboard is not available.
[04/27/2022 10:50:14] {train_reader.py:214} INFO - Start training
[04/27/2022 10:50:14] {train_reader.py:31} WARNING - Tensorboard is not available.
[04/27/2022 17:14:22] {train_reader.py:86} INFO - 50000 / 600000 |train: 2.371 |evaluation: 30.74 EM |lr: 0.00010
[04/27/2022 23:37:16] {train_reader.py:86} INFO - 100000 / 600000 |train: 1.714 |evaluation: 33.10 EM |lr: 0.00010
[04/28/2022 06:01:18] {train_reader.py:86} INFO - 150000 / 600000 |train: 1.567 |evaluation: 34.08 EM |lr: 0.00010
[04/28/2022 12:26:08] {train_reader.py:86} INFO - 200000 / 600000 |train: 1.396 |evaluation: 34.20 EM |lr: 0.00010
[04/28/2022 18:55:08] {train_reader.py:86} INFO - 250000 / 600000 |train: 1.375 |evaluation: 34.01 EM |lr: 0.00010
[04/29/2022 01:29:32] {train_reader.py:86} INFO - 300000 / 600000 |train: 1.296 |evaluation: 34.65 EM |lr: 0.00010
[04/29/2022 08:09:06] {train_reader.py:86} INFO - 350000 / 600000 |train: 1.197 |evaluation: 34.86 EM |lr: 0.00010
[04/29/2022 14:45:41] {train_reader.py:86} INFO - 400000 / 600000 |train: 1.208 |evaluation: 35.31 EM |lr: 0.00010
[04/29/2022 21:21:31] {train_reader.py:86} INFO - 450000 / 600000 |train: 1.087 |evaluation: 34.74 EM |lr: 0.00010
[04/30/2022 03:59:19] {train_reader.py:86} INFO - 500000 / 600000 |train: 1.075 |evaluation: 34.63 EM |lr: 0.00010
[04/30/2022 10:35:04] {train_reader.py:86} INFO - 550000 / 600000 |train: 1.078 |evaluation: 35.42 EM |lr: 0.00010
[04/30/2022 17:22:59] {train_reader.py:86} INFO - 600000 / 600000 |train: 0.927 |evaluation: 34.79 EM |lr: 0.00010
[04/30/2022 17:23:33] {train_reader.py:145} INFO - Logging to output-dpr_retrieval_mia_50.json
[04/30/2022 17:23:33] {train_reader.py:148} INFO - Best dev EM : 0.35417038756920877
[05/04/2022 14:57:49] {util.py:75} INFO - Loading /projects/tir6/general/surajt/mQA/FiD/checkpoint/dpr_retrieval_mia_50/checkpoint/best_dev
[05/04/2022 14:58:30] {util.py:78} INFO - loading checkpoint /projects/tir6/general/surajt/mQA/FiD/checkpoint/dpr_retrieval_mia_50/checkpoint/best_dev/optimizer.pth.tar
[05/04/2022 14:59:14] {train_reader.py:212} INFO - Model loaded from /projects/tir6/general/surajt/mQA/FiD/checkpoint/dpr_retrieval_mia_50/checkpoint/best_dev/
[05/04/2022 14:59:14] {train_reader.py:216} INFO - Start training
[05/04/2022 15:03:03] {util.py:75} INFO - Loading /projects/tir6/general/surajt/mQA/FiD/checkpoint/dpr_retrieval_mia_50/checkpoint/best_dev
[05/04/2022 15:03:24] {util.py:78} INFO - loading checkpoint /projects/tir6/general/surajt/mQA/FiD/checkpoint/dpr_retrieval_mia_50/checkpoint/best_dev/optimizer.pth.tar
[05/04/2022 15:03:38] {train_reader.py:212} INFO - Model loaded from /projects/tir6/general/surajt/mQA/FiD/checkpoint/dpr_retrieval_mia_50/checkpoint/best_dev/
[05/04/2022 15:03:38] {train_reader.py:216} INFO - Start training
[05/04/2022 15:36:15] {train_reader.py:145} INFO - Logging to output-dpr_retrieval_mia_50.json
[05/04/2022 15:36:15] {train_reader.py:148} INFO - Best dev EM : 0.35417038756920877
