[04/26/2022 21:38:03] {train_reader.py:214} INFO - Start training
[04/26/2022 21:38:03] {train_reader.py:31} WARNING - Tensorboard is not available.
[04/26/2022 21:42:46] {train_reader.py:214} INFO - Start training
[04/26/2022 21:42:46] {train_reader.py:31} WARNING - Tensorboard is not available.
[04/26/2022 21:46:06] {train_reader.py:214} INFO - Start training
[04/26/2022 21:46:06] {train_reader.py:31} WARNING - Tensorboard is not available.
[04/27/2022 10:50:14] {train_reader.py:214} INFO - Start training
[04/27/2022 10:50:14] {train_reader.py:31} WARNING - Tensorboard is not available.
[04/27/2022 17:14:22] {train_reader.py:86} INFO - 50000 / 600000 |train: 2.371 |evaluation: 30.74 EM |lr: 0.00010
[04/27/2022 23:37:16] {train_reader.py:86} INFO - 100000 / 600000 |train: 1.714 |evaluation: 33.10 EM |lr: 0.00010
[04/28/2022 06:01:18] {train_reader.py:86} INFO - 150000 / 600000 |train: 1.567 |evaluation: 34.08 EM |lr: 0.00010
[04/28/2022 12:26:08] {train_reader.py:86} INFO - 200000 / 600000 |train: 1.396 |evaluation: 34.20 EM |lr: 0.00010
[04/28/2022 18:55:08] {train_reader.py:86} INFO - 250000 / 600000 |train: 1.375 |evaluation: 34.01 EM |lr: 0.00010
[04/29/2022 01:29:32] {train_reader.py:86} INFO - 300000 / 600000 |train: 1.296 |evaluation: 34.65 EM |lr: 0.00010
[04/29/2022 08:09:06] {train_reader.py:86} INFO - 350000 / 600000 |train: 1.197 |evaluation: 34.86 EM |lr: 0.00010
[04/29/2022 14:45:41] {train_reader.py:86} INFO - 400000 / 600000 |train: 1.208 |evaluation: 35.31 EM |lr: 0.00010
[04/29/2022 21:21:31] {train_reader.py:86} INFO - 450000 / 600000 |train: 1.087 |evaluation: 34.74 EM |lr: 0.00010
[04/30/2022 03:59:19] {train_reader.py:86} INFO - 500000 / 600000 |train: 1.075 |evaluation: 34.63 EM |lr: 0.00010
[04/30/2022 10:35:04] {train_reader.py:86} INFO - 550000 / 600000 |train: 1.078 |evaluation: 35.42 EM |lr: 0.00010
[04/30/2022 17:22:59] {train_reader.py:86} INFO - 600000 / 600000 |train: 0.927 |evaluation: 34.79 EM |lr: 0.00010
[04/30/2022 17:23:33] {train_reader.py:145} INFO - Logging to output-dpr_retrieval_mia_50.json
[04/30/2022 17:23:33] {train_reader.py:148} INFO - Best dev EM : 0.35417038756920877
[05/04/2022 14:57:49] {util.py:75} INFO - Loading /projects/tir6/general/surajt/mQA/FiD/checkpoint/dpr_retrieval_mia_50/checkpoint/best_dev
[05/04/2022 14:58:30] {util.py:78} INFO - loading checkpoint /projects/tir6/general/surajt/mQA/FiD/checkpoint/dpr_retrieval_mia_50/checkpoint/best_dev/optimizer.pth.tar
[05/04/2022 14:59:14] {train_reader.py:212} INFO - Model loaded from /projects/tir6/general/surajt/mQA/FiD/checkpoint/dpr_retrieval_mia_50/checkpoint/best_dev/
[05/04/2022 14:59:14] {train_reader.py:216} INFO - Start training
[05/04/2022 15:03:03] {util.py:75} INFO - Loading /projects/tir6/general/surajt/mQA/FiD/checkpoint/dpr_retrieval_mia_50/checkpoint/best_dev
[05/04/2022 15:03:24] {util.py:78} INFO - loading checkpoint /projects/tir6/general/surajt/mQA/FiD/checkpoint/dpr_retrieval_mia_50/checkpoint/best_dev/optimizer.pth.tar
[05/04/2022 15:03:38] {train_reader.py:212} INFO - Model loaded from /projects/tir6/general/surajt/mQA/FiD/checkpoint/dpr_retrieval_mia_50/checkpoint/best_dev/
[05/04/2022 15:03:38] {train_reader.py:216} INFO - Start training
[05/04/2022 15:36:15] {train_reader.py:145} INFO - Logging to output-dpr_retrieval_mia_50.json
[05/04/2022 15:36:15] {train_reader.py:148} INFO - Best dev EM : 0.35417038756920877
[05/04/2022 15:52:31] {util.py:75} INFO - Loading /projects/tir6/general/surajt/mQA/FiD/checkpoint/dpr_retrieval_mia_50/checkpoint/best_dev
[05/04/2022 15:52:58] {util.py:78} INFO - loading checkpoint /projects/tir6/general/surajt/mQA/FiD/checkpoint/dpr_retrieval_mia_50/checkpoint/best_dev/optimizer.pth.tar
[05/04/2022 15:53:26] {train_reader.py:214} INFO - Model loaded from /projects/tir6/general/surajt/mQA/FiD/checkpoint/dpr_retrieval_mia_50/checkpoint/best_dev/
[05/04/2022 15:53:26] {train_reader.py:218} INFO - Start training
[05/04/2022 15:54:31] {util.py:75} INFO - Loading /projects/tir6/general/surajt/mQA/FiD/checkpoint/dpr_retrieval_mia_50/checkpoint/best_dev
[05/04/2022 15:54:47] {util.py:78} INFO - loading checkpoint /projects/tir6/general/surajt/mQA/FiD/checkpoint/dpr_retrieval_mia_50/checkpoint/best_dev/optimizer.pth.tar
[05/04/2022 15:54:51] {train_reader.py:212} INFO - Model loaded from /projects/tir6/general/surajt/mQA/FiD/checkpoint/dpr_retrieval_mia_50/checkpoint/best_dev/
[05/04/2022 15:54:51] {train_reader.py:216} INFO - Start training
[05/04/2022 16:15:35] {train_reader.py:145} INFO - Logging to output-dpr_retrieval_mia_50.json
[05/04/2022 16:15:35] {train_reader.py:148} INFO - Best dev EM : 0.36292195034827646
[05/04/2022 16:18:55] {util.py:75} INFO - Loading /projects/tir6/general/surajt/mQA/FiD/checkpoint/dpr_retrieval_mia_50/checkpoint/best_dev
[05/04/2022 16:19:10] {util.py:78} INFO - loading checkpoint /projects/tir6/general/surajt/mQA/FiD/checkpoint/dpr_retrieval_mia_50/checkpoint/best_dev/optimizer.pth.tar
[05/04/2022 16:19:13] {train_reader.py:212} INFO - Model loaded from /projects/tir6/general/surajt/mQA/FiD/checkpoint/dpr_retrieval_mia_50/checkpoint/best_dev/
[05/04/2022 16:19:13] {train_reader.py:216} INFO - Start training
[05/04/2022 16:25:23] {train_reader.py:145} INFO - Logging to output-dpr_retrieval_mia_50.json
[05/04/2022 16:25:23] {train_reader.py:148} INFO - Best dev EM : 0.06143344709897611
[05/04/2022 16:28:46] {util.py:75} INFO - Loading /projects/tir6/general/surajt/mQA/FiD/checkpoint/dpr_retrieval_mia_50/checkpoint/best_dev
[05/04/2022 16:29:00] {util.py:78} INFO - loading checkpoint /projects/tir6/general/surajt/mQA/FiD/checkpoint/dpr_retrieval_mia_50/checkpoint/best_dev/optimizer.pth.tar
[05/04/2022 16:29:03] {train_reader.py:212} INFO - Model loaded from /projects/tir6/general/surajt/mQA/FiD/checkpoint/dpr_retrieval_mia_50/checkpoint/best_dev/
[05/04/2022 16:29:03] {train_reader.py:216} INFO - Start training
[05/04/2022 16:34:32] {train_reader.py:145} INFO - Logging to output-dpr_retrieval_mia_50.json
[05/04/2022 16:34:32] {train_reader.py:148} INFO - Best dev EM : 0.24118316268486917
[05/04/2022 16:40:33] {util.py:75} INFO - Loading /projects/tir6/general/surajt/mQA/FiD/checkpoint/dpr_retrieval_mia_50/checkpoint/best_dev
[05/04/2022 16:40:48] {util.py:78} INFO - loading checkpoint /projects/tir6/general/surajt/mQA/FiD/checkpoint/dpr_retrieval_mia_50/checkpoint/best_dev/optimizer.pth.tar
[05/04/2022 16:40:51] {train_reader.py:212} INFO - Model loaded from /projects/tir6/general/surajt/mQA/FiD/checkpoint/dpr_retrieval_mia_50/checkpoint/best_dev/
[05/04/2022 16:40:51] {train_reader.py:216} INFO - Start training
[05/04/2022 16:46:41] {train_reader.py:145} INFO - Logging to output-dpr_retrieval_mia_50.json
[05/04/2022 16:46:41] {train_reader.py:148} INFO - Best dev EM : 0.21274175199089876
[05/04/2022 16:49:01] {util.py:75} INFO - Loading /projects/tir6/general/surajt/mQA/FiD/checkpoint/dpr_retrieval_mia_50/checkpoint/best_dev
[05/04/2022 16:49:16] {util.py:78} INFO - loading checkpoint /projects/tir6/general/surajt/mQA/FiD/checkpoint/dpr_retrieval_mia_50/checkpoint/best_dev/optimizer.pth.tar
[05/04/2022 16:49:19] {train_reader.py:212} INFO - Model loaded from /projects/tir6/general/surajt/mQA/FiD/checkpoint/dpr_retrieval_mia_50/checkpoint/best_dev/
[05/04/2022 16:49:19] {train_reader.py:216} INFO - Start training
[05/04/2022 16:54:22] {train_reader.py:145} INFO - Logging to output-dpr_retrieval_mia_50.json
[05/04/2022 16:54:22] {train_reader.py:148} INFO - Best dev EM : 0.06996587030716724
[05/04/2022 16:57:46] {util.py:75} INFO - Loading /projects/tir6/general/surajt/mQA/FiD/checkpoint/dpr_retrieval_mia_50/checkpoint/best_dev
[05/04/2022 16:57:56] {util.py:78} INFO - loading checkpoint /projects/tir6/general/surajt/mQA/FiD/checkpoint/dpr_retrieval_mia_50/checkpoint/best_dev/optimizer.pth.tar
[05/04/2022 16:57:58] {train_reader.py:212} INFO - Model loaded from /projects/tir6/general/surajt/mQA/FiD/checkpoint/dpr_retrieval_mia_50/checkpoint/best_dev/
[05/04/2022 16:57:58] {train_reader.py:216} INFO - Start training
[05/04/2022 17:01:45] {train_reader.py:145} INFO - Logging to output-dpr_retrieval_mia_50.json
[05/04/2022 17:01:45] {train_reader.py:148} INFO - Best dev EM : 0.22184300341296928
[05/04/2022 17:13:52] {util.py:75} INFO - Loading /projects/tir6/general/surajt/mQA/FiD/checkpoint/dpr_retrieval_mia_50/checkpoint/best_dev
[05/04/2022 17:14:02] {util.py:78} INFO - loading checkpoint /projects/tir6/general/surajt/mQA/FiD/checkpoint/dpr_retrieval_mia_50/checkpoint/best_dev/optimizer.pth.tar
[05/04/2022 17:14:04] {train_reader.py:212} INFO - Model loaded from /projects/tir6/general/surajt/mQA/FiD/checkpoint/dpr_retrieval_mia_50/checkpoint/best_dev/
[05/04/2022 17:14:04] {train_reader.py:216} INFO - Start training
[05/04/2022 17:17:47] {train_reader.py:145} INFO - Logging to output-dpr_retrieval_mia_50.json
[05/04/2022 17:17:47] {train_reader.py:148} INFO - Best dev EM : 0.25483503981797495
[05/04/2022 17:20:57] {util.py:75} INFO - Loading /projects/tir6/general/surajt/mQA/FiD/checkpoint/dpr_retrieval_mia_50/checkpoint/best_dev
[05/04/2022 17:21:06] {util.py:78} INFO - loading checkpoint /projects/tir6/general/surajt/mQA/FiD/checkpoint/dpr_retrieval_mia_50/checkpoint/best_dev/optimizer.pth.tar
[05/04/2022 17:21:09] {train_reader.py:212} INFO - Model loaded from /projects/tir6/general/surajt/mQA/FiD/checkpoint/dpr_retrieval_mia_50/checkpoint/best_dev/
[05/04/2022 17:21:09] {train_reader.py:216} INFO - Start training
[05/04/2022 17:25:18] {train_reader.py:145} INFO - Logging to output-dpr_retrieval_mia_50.json
[05/04/2022 17:25:19] {train_reader.py:148} INFO - Best dev EM : 0.21274175199089876
